Abenshapiro
ABORTING: video
ABORTING: video
ABORTING: video
ABORTING: video
ABORTING: video
ABORTING: video
ABORTING: video
ABORTING: video
ABORTING: video
ABORTING: video
8325 <-- height of page
0<-- scrolled height
scrolled!
not there!!!
ABORTING: video
ABORTING: video
8325 <-- height of page
300<-- scrolled height
scrolled!
not there!!!
8325 <-- height of page
600<-- scrolled height
scrolled!
not there!!!
ABORTING: video
ABORTING: video
1.7K
8325 <-- height of page
900<-- scrolled height
scrolled!
not there!!!
ABORTING: video
ABORTING: video
ABORTING: video
ABORTING: video
ABORTING: video
ABORTING: video
ABORTING: video
ABORTING: video
ABORTING: video
ABORTING: video
1.7K
8325 <-- height of page
1200<-- scrolled height
scrolled!
not there!!!
ABORTING: video
ABORTING: video
1.7K
8325 <-- height of page
1500<-- scrolled height
scrolled!
not there!!!
ABORTING: video
ABORTING: video
ABORTING: video
1.7K
8325 <-- height of page
1800<-- scrolled height
scrolled!
not there!!!
ABORTING: video
ABORTING: video
ABORTING: video
1.7K
8325 <-- height of page
2100<-- scrolled height
scrolled!
not there!!!
ABORTING: video
ABORTING: video
ABORTING: video
ABORTING: video
1.7K
8325 <-- height of page
2400<-- scrolled height
scrolled!
not there!!!
ABORTING: video
ABORTING: video
ABORTING: video
1.7K
8325 <-- height of page
2700<-- scrolled height
scrolled!
not there!!!
ABORTING: video
ABORTING: video
ABORTING: video
1.7K
8325 <-- height of page
3000<-- scrolled height
scrolled!
not there!!!
ABORTING: video
ABORTING: video
ABORTING: video
ABORTING: video
ABORTING: video
ABORTING: video
ABORTING: video
ABORTING: video
ABORTING: video
14.2K
8325 <-- height of page
3300<-- scrolled height
scrolled!
not there!!!
9.2K
8325 <-- height of page
3600<-- scrolled height
scrolled!
not there!!!
10.5K
8325 <-- height of page
3900<-- scrolled height
scrolled!
not there!!!
499
8325 <-- height of page
4200<-- scrolled height
scrolled!
not there!!!
ABORTING: video
ABORTING: video
45.7K
8325 <-- height of page
4500<-- scrolled height
scrolled!
not there!!!
2.4K
8325 <-- height of page
4800<-- scrolled height
scrolled!
not there!!!
ABORTING: video
ABORTING: video
ABORTING: video
ABORTING: video
ABORTING: video
ABORTING: video
ABORTING: video
ABORTING: video
ABORTING: video
ABORTING: video
ABORTING: video
1.6K
15316 <-- height of page
5100<-- scrolled height
scrolled!
not there!!!
1.6K
15316 <-- height of page
5400<-- scrolled height
scrolled!
not there!!!
ABORTING: video
3.9K
15316 <-- height of page
5700<-- scrolled height
scrolled!
not there!!!
ABORTING: video
11.9K
15316 <-- height of page
6000<-- scrolled height
scrolled!
not there!!!
5.9K
15316 <-- height of page
6300<-- scrolled height
scrolled!
not there!!!
ABORTING: video
5.9K
15316 <-- height of page
6600<-- scrolled height
scrolled!
not there!!!
ABORTING: video
431
15316 <-- height of page
6900<-- scrolled height
scrolled!
not there!!!
ABORTING: video
431
15316 <-- height of page
7200<-- scrolled height
scrolled!
not there!!!
ABORTING: video
ABORTING: video
2.1K
15316 <-- height of page
7500<-- scrolled height
scrolled!
not there!!!
ABORTING: video
1.4K
15316 <-- height of page
7800<-- scrolled height
scrolled!
not there!!!
ABORTING: video
ABORTING: video
1.4K
15316 <-- height of page
8100<-- scrolled height
scrolled!
not there!!!
ABORTING: video
ABORTING: video
7.6K
15316 <-- height of page
8400<-- scrolled height
scrolled!
not there!!!
13.7K
15316 <-- height of page
8700<-- scrolled height
scrolled!
not there!!!
ABORTING: video
ABORTING: video
1.1K
15316 <-- height of page
9000<-- scrolled height
scrolled!
not there!!!
ABORTING: video
ABORTING: video
ABORTING: video
1.1K
15316 <-- height of page
9300<-- scrolled height
scrolled!
not there!!!
ABORTING: video
ABORTING: video
2.4K
15316 <-- height of page
9600<-- scrolled height
scrolled!
not there!!!
3.9K
15316 <-- height of page
9900<-- scrolled height
scrolled!
not there!!!
ABORTING: video
ABORTING: video
ABORTING: video
ABORTING: video
ABORTING: video
ABORTING: video
6.9K
15917 <-- height of page
10200<-- scrolled height
scrolled!
not there!!!
6.9K
15917 <-- height of page
10500<-- scrolled height
scrolled!
not there!!!
ABORTING: video
10.2K
15917 <-- height of page
10800<-- scrolled height
scrolled!
not there!!!
ABORTING: video
ABORTING: video
ABORTING: video
10.2K
15917 <-- height of page
11100<-- scrolled height
scrolled!
not there!!!
ABORTING: video
ABORTING: video
ABORTING: video
13.9K
15917 <-- height of page
11400<-- scrolled height
scrolled!
not there!!!
ABORTING: video
ABORTING: video
13K
15917 <-- height of page
11700<-- scrolled height
scrolled!
not there!!!
13K
15917 <-- height of page
12000<-- scrolled height
scrolled!
not there!!!
ABORTING: video
ABORTING: video
ABORTING: video
ABORTING: video
ABORTING: video
ABORTING: video
ABORTING: video
ABORTING: video
ABORTING: video
ABORTING: video
11.5K
17591 <-- height of page
12300<-- scrolled height
scrolled!
not there!!!
ABORTING: video
ABORTING: video
ABORTING: video
ABORTING: video
ABORTING: video
ABORTING: video
ABORTING: video
ABORTING: video
ABORTING: video
ABORTING: video
4.6K
17591 <-- height of page
12600<-- scrolled height
scrolled!
not there!!!
4.6K
17591 <-- height of page
12900<-- scrolled height
scrolled!
not there!!!
9K
17591 <-- height of page
13200<-- scrolled height
scrolled!
not there!!!
ABORTING: video
ABORTING: video
ABORTING: video
ABORTING: video
4.6K
17591 <-- height of page
13500<-- scrolled height
scrolled!
not there!!!
4.6K
ABORTING: video
17591 <-- height of page
13800<-- scrolled height
ABORTING: video
scrolled!
not there!!!
ABORTING: video
ABORTING: video
ABORTING: video
ABORTING: video
ABORTING: video
ABORTING: video
ABORTING: video
ABORTING: video
ABORTING: video
ABORTING: video
ABORTING: video
ABORTING: video
764
17591 <-- height of page
14100<-- scrolled height
scrolled!
not there!!!
ABORTING: video
ABORTING: video
764
17591 <-- height of page
14400<-- scrolled height
scrolled!
not there!!!
26.8K
17591 <-- height of page
14700<-- scrolled height
scrolled!
not there!!!
5.6K
17591 <-- height of page
15000<-- scrolled height
scrolled!
not there!!!
5.6K
17591 <-- height of page
15300<-- scrolled height
scrolled!
not there!!!
ABORTING: video
ABORTING: video
17591 <-- height of page
15600<-- scrolled height
scrolled!
not there!!!
17591 <-- height of page
15900<-- scrolled height
scrolled!
not there!!!
ABORTING: video
ABORTING: video
17591 <-- height of page
16200<-- scrolled height
scrolled!
not there!!!
17591 <-- height of page
16500<-- scrolled height
scrolled!
not there!!!
17591 <-- height of page
16800<-- scrolled height
scrolled!
not there!!!
17591 <-- height of page
17100<-- scrolled height
scrolled!
not there!!!
17591 <-- height of page
17400<-- scrolled height
scrolled!
At last YOOOOOOOYYY
[
  [ '/benshapiro/status/1379800064747565058', '967' ],
  [ '/benshapiro/status/1379797104839823360', '15.1K' ],
  [ '/benshapiro/status/1379795401969168390', '4.6K' ],
  [ '/benshapiro/status/1379792286863745030', '24.5K' ],
  [ '/benshapiro/status/1379791704342028288', '4K' ],
  [ '/benshapiro/status/1379789256781103105', '808' ],
  [ '/benshapiro/status/1379787373744111617', '779' ],
  [ '/benshapiro/status/1379786589090541570', '12.6K' ],
  [ '/benshapiro/status/1379769788587769864', '336' ],
  [ '/benshapiro/status/1379759336646443017', '4.7K' ],
  [ '/benshapiro/status/1379757904044175365', '10.7K' ],
  [ '/benshapiro/status/1379800064747565058', '967' ],
  [ '/benshapiro/status/1379797104839823360', '15.1K' ],
  [ '/benshapiro/status/1379795401969168390', '4.6K' ],
  [ '/benshapiro/status/1379792286863745030', '24.5K' ],
  [ '/benshapiro/status/1379791704342028288', '4K' ],
  [ '/benshapiro/status/1379789256781103105', '808' ],
  [ '/benshapiro/status/1379787373744111617', '779' ],
  [ '/benshapiro/status/1379786589090541570', '12.6K' ],
  [ '/benshapiro/status/1379769788587769864', '336' ],
  [ '/benshapiro/status/1379759336646443017', '4.7K' ],
  [ '/benshapiro/status/1379757904044175365', '10.7K' ],
  [ '/benshapiro/status/1379594069484130304', '3.6K' ],
  [ '/benshapiro/status/1379800064747565058', '967' ],
  [ '/benshapiro/status/1379797104839823360', '15.1K' ],
  [ '/benshapiro/status/1379795401969168390', '4.6K' ],
  [ '/benshapiro/status/1379792286863745030', '24.5K' ],
  [ '/benshapiro/status/1379791704342028288', '4K' ],
  [ '/benshapiro/status/1379789256781103105', '808' ],
  [ '/benshapiro/status/1379787373744111617', '779' ],
  [ '/benshapiro/status/1379786589090541570', '12.6K' ],
  [ '/benshapiro/status/1379769788587769864', '336' ],
  [ '/benshapiro/status/1379759336646443017', '4.7K' ],
  [ '/benshapiro/status/1379757904044175365', '10.7K' ],
  [ '/benshapiro/status/1379594069484130304', '3.6K' ],
  [ '/benshapiro/status/1379800064747565058', '967' ],
  [ '/benshapiro/status/1379797104839823360', '15.1K' ],
  [ '/benshapiro/status/1379795401969168390', '4.6K' ],
  [ '/benshapiro/status/1379792286863745030', '24.5K' ],
  [ '/benshapiro/status/1379791704342028288', '4K' ],
  [ '/benshapiro/status/1379789256781103105', '808' ],
  [ '/benshapiro/status/1379787373744111617', '779' ],
  [ '/benshapiro/status/1379786589090541570', '12.6K' ],
  [ '/benshapiro/status/1379769788587769864', '336' ],
  [ '/benshapiro/status/1379759336646443017', '4.7K' ],
  [ '/benshapiro/status/1379757904044175365', '10.7K' ],
  [ '/benshapiro/status/1379594069484130304', '3.6K' ],
  [ '/benshapiro/status/1379593661772619776', '1.7K' ],
  [ '/benshapiro/status/1379800064747565058', '967' ],
  [ '/benshapiro/status/1379797104839823360', '15.1K' ],
  [ '/benshapiro/status/1379795401969168390', '4.6K' ],
  [ '/benshapiro/status/1379792286863745030', '24.5K' ],
  [ '/benshapiro/status/1379791704342028288', '4K' ],
  [ '/benshapiro/status/1379789256781103105', '808' ],
  [ '/benshapiro/status/1379787373744111617', '779' ],
  [ '/benshapiro/status/1379786589090541570', '12.6K' ],
  [ '/benshapiro/status/1379769788587769864', '336' ],
  [ '/benshapiro/status/1379759336646443017', '4.7K' ],
  [ '/benshapiro/status/1379757904044175365', '10.7K' ],
  [ '/benshapiro/status/1379594069484130304', '3.6K' ],
  [ '/benshapiro/status/1379593661772619776', '1.7K' ],
  [ '/benshapiro/status/1379534210323611651', '14.2K' ],
  [ '/benshapiro/status/1379800064747565058', '967' ],
  [ '/benshapiro/status/1379797104839823360', '15.1K' ],
  [ '/benshapiro/status/1379795401969168390', '4.6K' ],
  [ '/benshapiro/status/1379792286863745030', '24.5K' ],
  [ '/benshapiro/status/1379791704342028288', '4K' ],
  [ '/benshapiro/status/1379789256781103105', '808' ],
  [ '/benshapiro/status/1379787373744111617', '779' ],
  [ '/benshapiro/status/1379786589090541570', '12.6K' ],
  [ '/benshapiro/status/1379769788587769864', '336' ],
  [ '/benshapiro/status/1379759336646443017', '4.7K' ],
  [ '/benshapiro/status/1379757904044175365', '10.7K' ],
  [ '/benshapiro/status/1379594069484130304', '3.6K' ],
  [ '/benshapiro/status/1379593661772619776', '1.7K' ],
  [ '/benshapiro/status/1379534210323611651', '14.2K' ],
  [ '/benshapiro/status/1379800064747565058', '967' ],
  [ '/benshapiro/status/1379797104839823360', '15.1K' ],
  [ '/benshapiro/status/1379795401969168390', '4.6K' ],
  [ '/benshapiro/status/1379792286863745030', '24.5K' ],
  [ '/benshapiro/status/1379791704342028288', '4K' ],
  [ '/benshapiro/status/1379789256781103105', '808' ],
  [ '/benshapiro/status/1379787373744111617', '779' ],
  [ '/benshapiro/status/1379786589090541570', '12.6K' ],
  [ '/benshapiro/status/1379769788587769864', '336' ],
  [ '/benshapiro/status/1379759336646443017', '4.7K' ],
  [ '/benshapiro/status/1379757904044175365', '10.7K' ],
  [ '/benshapiro/status/1379594069484130304', '3.6K' ],
  [ '/benshapiro/status/1379593661772619776', '1.7K' ],
  [ '/benshapiro/status/1379534210323611651', '14.2K' ],
  [ '/benshapiro/status/1379430960169582594', '9.2K' ],
  [ '/benshapiro/status/1379800064747565058', '967' ],
  [ '/benshapiro/status/1379797104839823360', '15.1K' ],
  [ '/benshapiro/status/1379795401969168390', '4.6K' ],
  [ '/benshapiro/status/1379792286863745030', '24.5K' ],
  [ '/benshapiro/status/1379791704342028288', '4K' ],
  [ '/benshapiro/status/1379789256781103105', '808' ],
  [ '/benshapiro/status/1379787373744111617', '779' ],
  [ '/benshapiro/status/1379786589090541570', '12.6K' ],
  [ '/benshapiro/status/1379769788587769864', '336' ],
  ... 826 more items
]
[]
[
  '/benshapiro/status/1379800064747565058',
  '/benshapiro/status/1379797104839823360',
  '/benshapiro/status/1379795401969168390',
  '/benshapiro/status/1379792286863745030',
  '/benshapiro/status/1379791704342028288',
  '/benshapiro/status/1379789256781103105',
  '/benshapiro/status/1379787373744111617',
  '/benshapiro/status/1379786589090541570',
  '/benshapiro/status/1379769788587769864',
  '/benshapiro/status/1379759336646443017',
  '/benshapiro/status/1379757904044175365',
  '/benshapiro/status/1379594069484130304',
  '/benshapiro/status/1379593661772619776',
  '/benshapiro/status/1379534210323611651',
  '/benshapiro/status/1379430960169582594',
  '/benshapiro/status/1379430757035175938',
  '/benshapiro/status/1379430651925987336',
  '/benshapiro/status/1379424074691190784',
  '/benshapiro/status/1379418824668221445',
  '/benshapiro/status/1379404545806241802',
  '/benshapiro/status/1379241634504785920',
  '/benshapiro/status/1379176313081245696',
  '/benshapiro/status/1379171114216263681',
  '/benshapiro/status/1379075393970397186',
  '/benshapiro/status/1379072479042371585',
  '/benshapiro/status/1379065763894591491',
  '/benshapiro/status/1379061506877362184',
  '/benshapiro/status/1379059852450918401',
  '/benshapiro/status/1379059243110764545',
  '/benshapiro/status/1379052289307123713',
  '/benshapiro/status/1379051938541617153',
  '/benshapiro/status/1379042811471933440',
  '/benshapiro/status/1379037447821086721',
  '/benshapiro/status/1378897935769989123',
  '/benshapiro/status/1378095865252999174',
  '/benshapiro/status/1378065139753226246',
  '/benshapiro/status/1377970851702788098',
  '/benshapiro/status/1377970576254513152',
  '/benshapiro/status/1377966792254062593',
  '/benshapiro/status/1377966156477313037',
  '/benshapiro/status/1377943186455330817',
  '/benshapiro/status/1377609330690813955',
  '/benshapiro/status/1377608304885645315',
  '/benshapiro/status/1377592831905296385',
  '/benshapiro/status/1377592589336113154'
]
45
[
  [ '/benshapiro/status/1379800064747565058', '967' ],
  [ '/benshapiro/status/1379797104839823360', '15.1K' ],
  [ '/benshapiro/status/1379795401969168390', '4.6K' ],
  [ '/benshapiro/status/1379792286863745030', '24.5K' ],
  [ '/benshapiro/status/1379791704342028288', '4K' ],
  [ '/benshapiro/status/1379789256781103105', '808' ],
  [ '/benshapiro/status/1379787373744111617', '779' ],
  [ '/benshapiro/status/1379786589090541570', '12.6K' ],
  [ '/benshapiro/status/1379769788587769864', '336' ],
  [ '/benshapiro/status/1379759336646443017', '4.7K' ],
  [ '/benshapiro/status/1379757904044175365', '10.7K' ],
  [ '/benshapiro/status/1379594069484130304', '3.6K' ],
  [ '/benshapiro/status/1379593661772619776', '1.7K' ],
  [ '/benshapiro/status/1379534210323611651', '14.2K' ],
  [ '/benshapiro/status/1379430960169582594', '9.2K' ],
  [ '/benshapiro/status/1379430757035175938', '10.5K' ],
  [ '/benshapiro/status/1379430651925987336', '499' ],
  [ '/benshapiro/status/1379424074691190784', '45.7K' ],
  [ '/benshapiro/status/1379418824668221445', '2.4K' ],
  [ '/benshapiro/status/1379404545806241802', '1.6K' ],
  [ '/benshapiro/status/1379241634504785920', '3.9K' ],
  [ '/benshapiro/status/1379176313081245696', '11.9K' ],
  [ '/benshapiro/status/1379171114216263681', '5.9K' ],
  [ '/benshapiro/status/1379075393970397186', '431' ],
  [ '/benshapiro/status/1379072479042371585', '2.1K' ],
  [ '/benshapiro/status/1379065763894591491', '1.4K' ],
  [ '/benshapiro/status/1379061506877362184', '7.6K' ],
  [ '/benshapiro/status/1379059852450918401', '13.7K' ],
  [ '/benshapiro/status/1379059243110764545', '1.1K' ],
  [ '/benshapiro/status/1379052289307123713', '2.4K' ],
  [ '/benshapiro/status/1379051938541617153', '458' ],
  [ '/benshapiro/status/1379042811471933440', '3.9K' ],
  [ '/benshapiro/status/1379037447821086721', '6.9K' ],
  [ '/benshapiro/status/1378897935769989123', '10.2K' ],
  [ '/benshapiro/status/1378095865252999174', '13.9K' ],
  [ '/benshapiro/status/1378065139753226246', '13K' ],
  [ '/benshapiro/status/1377970851702788098', '11.5K' ],
  [ '/benshapiro/status/1377970576254513152', '4.6K' ],
  [ '/benshapiro/status/1377966792254062593', '9K' ],
  [ '/benshapiro/status/1377966156477313037', '27.9K' ],
  [ '/benshapiro/status/1377943186455330817', '4.6K' ],
  [ '/benshapiro/status/1377609330690813955', '510' ],
  [ '/benshapiro/status/1377608304885645315', '764' ],
  [ '/benshapiro/status/1377592831905296385', '26.8K' ],
  [ '/benshapiro/status/1377592589336113154', '5.6K' ]
]
45
[
  [ '/benshapiro/status/1379800064747565058', '967' ],
  [ '/benshapiro/status/1379797104839823360', '15.1K' ],
  [ '/benshapiro/status/1379795401969168390', '4.6K' ],
  [ '/benshapiro/status/1379792286863745030', '24.5K' ],
  [ '/benshapiro/status/1379791704342028288', '4K' ],
  [ '/benshapiro/status/1379789256781103105', '808' ],
  [ '/benshapiro/status/1379787373744111617', '779' ],
  [ '/benshapiro/status/1379786589090541570', '12.6K' ],
  [ '/benshapiro/status/1379769788587769864', '336' ],
  [ '/benshapiro/status/1379759336646443017', '4.7K' ],
  [ '/benshapiro/status/1379757904044175365', '10.7K' ],
  [ '/benshapiro/status/1379594069484130304', '3.6K' ],
  [ '/benshapiro/status/1379593661772619776', '1.7K' ],
  [ '/benshapiro/status/1379534210323611651', '14.2K' ],
  [ '/benshapiro/status/1379430960169582594', '9.2K' ],
  [ '/benshapiro/status/1379430757035175938', '10.5K' ],
  [ '/benshapiro/status/1379430651925987336', '499' ],
  [ '/benshapiro/status/1379424074691190784', '45.7K' ],
  [ '/benshapiro/status/1379418824668221445', '2.4K' ],
  [ '/benshapiro/status/1379404545806241802', '1.6K' ],
  [ '/benshapiro/status/1379241634504785920', '3.9K' ],
  [ '/benshapiro/status/1379176313081245696', '11.9K' ],
  [ '/benshapiro/status/1379171114216263681', '5.9K' ],
  [ '/benshapiro/status/1379075393970397186', '431' ],
  [ '/benshapiro/status/1379072479042371585', '2.1K' ],
  [ '/benshapiro/status/1379065763894591491', '1.4K' ],
  [ '/benshapiro/status/1379061506877362184', '7.6K' ],
  [ '/benshapiro/status/1379059852450918401', '13.7K' ],
  [ '/benshapiro/status/1379059243110764545', '1.1K' ],
  [ '/benshapiro/status/1379052289307123713', '2.4K' ],
  [ '/benshapiro/status/1379051938541617153', '458' ],
  [ '/benshapiro/status/1379042811471933440', '3.9K' ],
  [ '/benshapiro/status/1379037447821086721', '6.9K' ],
  [ '/benshapiro/status/1378897935769989123', '10.2K' ],
  [ '/benshapiro/status/1378095865252999174', '13.9K' ],
  [ '/benshapiro/status/1378065139753226246', '13K' ],
  [ '/benshapiro/status/1377970851702788098', '11.5K' ],
  [ '/benshapiro/status/1377970576254513152', '4.6K' ],
  [ '/benshapiro/status/1377966792254062593', '9K' ],
  [ '/benshapiro/status/1377966156477313037', '27.9K' ],
  [ '/benshapiro/status/1377943186455330817', '4.6K' ],
  [ '/benshapiro/status/1377609330690813955', '510' ],
  [ '/benshapiro/status/1377608304885645315', '764' ],
  [ '/benshapiro/status/1377592831905296385', '26.8K' ],
  [ '/benshapiro/status/1377592589336113154', '5.6K' ]
]
no thousands
15100
4600
24500
4000
no thousands
no thousands
12600
no thousands
4700
10700
3600
1700
14200
9200
10500
no thousands
45700
2400
1600
3900
11900
5900
no thousands
2100
1400
7600
13700
1100
2400
no thousands
3900
6900
10200
13900
13000
11500
4600
9000
27900
4600
no thousands
no thousands
26800
5600
[
  [ '45700', '/benshapiro/status/1379424074691190784' ],
  [ '27900', '/benshapiro/status/1377966156477313037' ],
  [ '26800', '/benshapiro/status/1377592831905296385' ],
  [ '24500', '/benshapiro/status/1379792286863745030' ],
  [ '15100', '/benshapiro/status/1379797104839823360' ],
  [ '14200', '/benshapiro/status/1379534210323611651' ],
  [ '13900', '/benshapiro/status/1378095865252999174' ],
  [ '13700', '/benshapiro/status/1379059852450918401' ],
  [ '13000', '/benshapiro/status/1378065139753226246' ],
  [ '12600', '/benshapiro/status/1379786589090541570' ],
  [ '11900', '/benshapiro/status/1379176313081245696' ],
  [ '11500', '/benshapiro/status/1377970851702788098' ],
  [ '10700', '/benshapiro/status/1379757904044175365' ],
  [ '10500', '/benshapiro/status/1379430757035175938' ],
  [ '10200', '/benshapiro/status/1378897935769989123' ],
  [ '9200', '/benshapiro/status/1379430960169582594' ],
  [ '9000', '/benshapiro/status/1377966792254062593' ],
  [ '7600', '/benshapiro/status/1379061506877362184' ],
  [ '6900', '/benshapiro/status/1379037447821086721' ],
  [ '5900', '/benshapiro/status/1379171114216263681' ],
  [ '5600', '/benshapiro/status/1377592589336113154' ],
  [ '4700', '/benshapiro/status/1379759336646443017' ],
  [ '4600', '/benshapiro/status/1379795401969168390' ],
  [ '4600', '/benshapiro/status/1377970576254513152' ],
  [ '4600', '/benshapiro/status/1377943186455330817' ],
  [ '4000', '/benshapiro/status/1379791704342028288' ],
  [ '3900', '/benshapiro/status/1379241634504785920' ],
  [ '3900', '/benshapiro/status/1379042811471933440' ],
  [ '3600', '/benshapiro/status/1379594069484130304' ],
  [ '2400', '/benshapiro/status/1379418824668221445' ],
  [ '2400', '/benshapiro/status/1379052289307123713' ],
  [ '2100', '/benshapiro/status/1379072479042371585' ],
  [ '1700', '/benshapiro/status/1379593661772619776' ],
  [ '1600', '/benshapiro/status/1379404545806241802' ],
  [ '1400', '/benshapiro/status/1379065763894591491' ],
  [ '1100', '/benshapiro/status/1379059243110764545' ],
  [ '967', '/benshapiro/status/1379800064747565058' ],
  [ '808', '/benshapiro/status/1379789256781103105' ],
  [ '779', '/benshapiro/status/1379787373744111617' ],
  [ '764', '/benshapiro/status/1377608304885645315' ],
  [ '510', '/benshapiro/status/1377609330690813955' ],
  [ '499', '/benshapiro/status/1379430651925987336' ],
  [ '458', '/benshapiro/status/1379051938541617153' ],
  [ '431', '/benshapiro/status/1379075393970397186' ],
  [ '336', '/benshapiro/status/1379769788587769864' ]
]
45
File written successfully
The written has the following contents:
/benshapiro/status/1379424074691190784
File written successfully
The written has the following contents:
/benshapiro/status/1377966156477313037
File written successfully
The written has the following contents:
/benshapiro/status/1377592831905296385
File written successfully
The written has the following contents:
/benshapiro/status/1379792286863745030
File written successfully
The written has the following contents:
/benshapiro/status/1379797104839823360
